17:32:05: Creating resource group General
17:32:05: Creating resource group Internal
17:32:05: Creating resource group Autodetect
17:32:05: SceneManagerFactory for type 'DefaultSceneManager' registered.
17:32:05: Registering ResourceManager for type Material
17:32:05: Registering ResourceManager for type Mesh
17:32:05: Registering ResourceManager for type Skeleton
17:32:05: MovableObjectFactory for type 'ParticleSystem' registered.
17:32:05: OverlayElementFactory for type Panel registered.
17:32:05: OverlayElementFactory for type BorderPanel registered.
17:32:05: OverlayElementFactory for type TextArea registered.
17:32:05: Registering ResourceManager for type Font
17:32:05: ArchiveFactory for archive type FileSystem registered.
17:32:05: ArchiveFactory for archive type Zip registered.
17:32:05: DDS codec registering
17:32:05: FreeImage version: 3.13.1
17:32:05: This program uses FreeImage, a free, open source image library supporting all common bitmap formats. See http://freeimage.sourceforge.net for details
17:32:05: Supported formats: bmp,ico,jpg,jif,jpeg,jpe,jng,koa,iff,lbm,mng,pbm,pbm,pcd,pcx,pgm,pgm,png,ppm,ppm,ras,tga,targa,tif,tiff,wap,wbmp,wbm,psd,cut,xbm,xpm,gif,hdr,g3,sgi,exr,j2k,j2c,jp2,pfm,pct,pict,pic,bay,bmq,cr2,crw,cs1,dc2,dcr,dng,erf,fff,hdr,k25,kdc,mdc,mos,mrw,nef,orf,pef,pxn,raf,raw,rdc,sr2,srf,arw,3fr,cine,ia,kc2,mef,nrw,qtk,rw2,sti,drf,dsc,ptx,cap,iiq,rwz
17:32:05: Registering ResourceManager for type HighLevelGpuProgram
17:32:05: Registering ResourceManager for type Compositor
17:32:05: MovableObjectFactory for type 'Entity' registered.
17:32:05: MovableObjectFactory for type 'Light' registered.
17:32:05: MovableObjectFactory for type 'BillboardSet' registered.
17:32:05: MovableObjectFactory for type 'ManualObject' registered.
17:32:05: MovableObjectFactory for type 'BillboardChain' registered.
17:32:05: MovableObjectFactory for type 'RibbonTrail' registered.
17:32:05: *-*-* OGRE Initialising
17:32:05: *-*-* Version 1.7.1 (Cthugha)
17:32:05: Loading library RenderSystem_Direct3D9_d
17:32:05: Installing plugin: D3D9 RenderSystem
17:32:05: D3D9 : Direct3D9 Rendering Subsystem created.
17:32:05: D3D9: Driver Detection Starts
17:32:05: D3D9: Driver Detection Ends
17:32:05: Plugin successfully installed
17:32:05: Loading library Plugin_ParticleFX_d
17:32:05: Installing plugin: ParticleFX
17:32:05: Particle Emitter Type 'Point' registered
17:32:05: Particle Emitter Type 'Box' registered
17:32:05: Particle Emitter Type 'Ellipsoid' registered
17:32:05: Particle Emitter Type 'Cylinder' registered
17:32:05: Particle Emitter Type 'Ring' registered
17:32:05: Particle Emitter Type 'HollowEllipsoid' registered
17:32:05: Particle Affector Type 'LinearForce' registered
17:32:05: Particle Affector Type 'ColourFader' registered
17:32:05: Particle Affector Type 'ColourFader2' registered
17:32:05: Particle Affector Type 'ColourImage' registered
17:32:05: Particle Affector Type 'ColourInterpolator' registered
17:32:05: Particle Affector Type 'Scaler' registered
17:32:05: Particle Affector Type 'Rotator' registered
17:32:05: Particle Affector Type 'DirectionRandomiser' registered
17:32:05: Particle Affector Type 'DeflectorPlane' registered
17:32:05: Plugin successfully installed
17:32:05: Loading library Plugin_OctreeSceneManager_d
17:32:05: Installing plugin: Octree & Terrain Scene Manager
17:32:05: Plugin successfully installed
17:32:05: CPU Identifier & Features
17:32:05: -------------------------
17:32:05:  *   CPU ID: GenuineIntel: Intel(R) Core(TM) i3 CPU         530  @ 2.93GHz
17:32:05:  *      SSE: yes
17:32:05:  *     SSE2: yes
17:32:05:  *     SSE3: yes
17:32:05:  *      MMX: yes
17:32:05:  *   MMXEXT: yes
17:32:05:  *    3DNOW: no
17:32:05:  * 3DNOWEXT: no
17:32:05:  *     CMOV: yes
17:32:05:  *      TSC: yes
17:32:05:  *      FPU: yes
17:32:05:  *      PRO: yes
17:32:05:  *       HT: no
17:32:05: -------------------------
17:32:05: D3D9 : Subsystem Initialising
17:32:05: Registering ResourceManager for type Texture
17:32:05: Registering ResourceManager for type GpuProgram
17:32:05: ***************************************
17:32:05: *** D3D9 : Subsystem Initialised OK ***
17:32:05: ***************************************
17:32:06: D3D9RenderSystem::_createRenderWindow "GameMainWindow", 960x640 windowed  miscParams: FSAA=0 VSync=No VSync Interval=1 colourDepth=32 externalWindowHandle=139848 
17:32:06: D3D9 : Created D3D9 Rendering Window 'GameMainWindow' : 960x640, 32bpp
17:32:06: D3D9 : WARNING - disabling VSync in windowed mode can cause timing issues at lower frame rates, turn VSync on if you observe this problem.
17:32:06: D3D9: Vertex texture format supported - PF_L8
17:32:06: D3D9: Vertex texture format supported - PF_L16
17:32:06: D3D9: Vertex texture format supported - PF_A8
17:32:06: D3D9: Vertex texture format supported - PF_A4L4
17:32:06: D3D9: Vertex texture format supported - PF_BYTE_LA
17:32:06: D3D9: Vertex texture format supported - PF_R5G6B5
17:32:06: D3D9: Vertex texture format supported - PF_B5G6R5
17:32:06: D3D9: Vertex texture format supported - PF_A4R4G4B4
17:32:06: D3D9: Vertex texture format supported - PF_A1R5G5B5
17:32:06: D3D9: Vertex texture format supported - PF_A8R8G8B8
17:32:06: D3D9: Vertex texture format supported - PF_B8G8R8A8
17:32:06: D3D9: Vertex texture format supported - PF_A2R10G10B10
17:32:06: D3D9: Vertex texture format supported - PF_A2B10G10R10
17:32:06: D3D9: Vertex texture format supported - PF_DXT1
17:32:06: D3D9: Vertex texture format supported - PF_DXT2
17:32:06: D3D9: Vertex texture format supported - PF_DXT3
17:32:06: D3D9: Vertex texture format supported - PF_DXT4
17:32:06: D3D9: Vertex texture format supported - PF_DXT5
17:32:06: D3D9: Vertex texture format supported - PF_FLOAT16_RGB
17:32:06: D3D9: Vertex texture format supported - PF_FLOAT16_RGBA
17:32:06: D3D9: Vertex texture format supported - PF_FLOAT32_RGB
17:32:06: D3D9: Vertex texture format supported - PF_FLOAT32_RGBA
17:32:06: D3D9: Vertex texture format supported - PF_X8R8G8B8
17:32:06: D3D9: Vertex texture format supported - PF_R8G8B8A8
17:32:06: D3D9: Vertex texture format supported - PF_DEPTH
17:32:06: D3D9: Vertex texture format supported - PF_SHORT_RGBA
17:32:06: D3D9: Vertex texture format supported - PF_FLOAT16_R
17:32:06: D3D9: Vertex texture format supported - PF_FLOAT32_R
17:32:06: D3D9: Vertex texture format supported - PF_SHORT_GR
17:32:06: D3D9: Vertex texture format supported - PF_FLOAT16_GR
17:32:06: D3D9: Vertex texture format supported - PF_FLOAT32_GR
17:32:06: D3D9: Vertex texture format supported - PF_SHORT_RGB
17:32:06: D3D9: Vertex texture format supported - PF_PVRTC_RGB2
17:32:06: D3D9: Vertex texture format supported - PF_PVRTC_RGBA2
17:32:06: D3D9: Vertex texture format supported - PF_PVRTC_RGB4
17:32:06: D3D9: Vertex texture format supported - PF_PVRTC_RGBA4
17:32:06: RenderSystem capabilities
17:32:06: -------------------------
17:32:06: RenderSystem Name: Direct3D9 Rendering Subsystem
17:32:06: GPU Vendor: intel
17:32:06: Device Name: Monitor-1-Intel(R) HD Graphics
17:32:06: Driver Version: 8.15.10.2202
17:32:06:  * Fixed function pipeline: yes
17:32:06:  * Hardware generation of mipmaps: yes
17:32:06:  * Texture blending: yes
17:32:06:  * Anisotropic texture filtering: yes
17:32:06:  * Dot product texture operation: yes
17:32:06:  * Cube mapping: yes
17:32:06:  * Hardware stencil buffer: yes
17:32:06:    - Stencil depth: 8
17:32:06:    - Two sided stencil support: yes
17:32:06:    - Wrap stencil values: yes
17:32:06:  * Hardware vertex / index buffers: yes
17:32:06:  * Vertex programs: yes
17:32:06:  * Number of floating-point constants for vertex programs: 256
17:32:06:  * Number of integer constants for vertex programs: 16
17:32:06:  * Number of boolean constants for vertex programs: 16
17:32:06:  * Fragment programs: yes
17:32:06:  * Number of floating-point constants for fragment programs: 224
17:32:06:  * Number of integer constants for fragment programs: 16
17:32:06:  * Number of boolean constants for fragment programs: 16
17:32:06:  * Geometry programs: no
17:32:06:  * Number of floating-point constants for geometry programs: 0
17:32:06:  * Number of integer constants for geometry programs: 0
17:32:06:  * Number of boolean constants for geometry programs: 0
17:32:06:  * Supported Shader Profiles: hlsl ps_1_1 ps_1_2 ps_1_3 ps_1_4 ps_2_0 ps_2_a ps_2_b ps_2_x ps_3_0 vs_1_1 vs_2_0 vs_2_a vs_2_x vs_3_0
17:32:06:  * Texture Compression: yes
17:32:06:    - DXT: yes
17:32:06:    - VTC: no
17:32:06:    - PVRTC: no
17:32:06:  * Scissor Rectangle: yes
17:32:06:  * Hardware Occlusion Query: yes
17:32:06:  * User clip planes: yes
17:32:06:  * VET_UBYTE4 vertex element type: yes
17:32:06:  * Infinite far plane projection: yes
17:32:06:  * Hardware render-to-texture: yes
17:32:06:  * Floating point textures: yes
17:32:06:  * Non-power-of-two textures: yes (limited)
17:32:06:  * Volume textures: yes
17:32:06:  * Multiple Render Targets: 4
17:32:06:    - With different bit depths: yes
17:32:06:  * Point Sprites: yes
17:32:06:  * Extended point parameters: yes
17:32:06:  * Max Point Size: 10
17:32:06:  * Vertex texture fetch: yes
17:32:06:  * Number of world matrices: 0
17:32:06:  * Number of texture units: 8
17:32:06:  * Stencil buffer depth: 8
17:32:06:  * Number of vertex blend matrices: 0
17:32:06:    - Max vertex textures: 4
17:32:06:    - Vertex textures shared: no
17:32:06:  * Render to Vertex Buffer : no
17:32:06:  * DirectX per stage constants: yes
17:32:06: DefaultWorkQueue('Root') initialising on thread main.
17:32:06: Particle Renderer Type 'billboard' registered
17:32:06: SceneManagerFactory for type 'OctreeSceneManager' registered.
17:32:06: SceneManagerFactory for type 'TerrainSceneManager' registered.
17:32:06: Added resource location '../../../Media/CameraGame/overlay' of type 'FileSystem' to resource group 'General'
17:32:06: Added resource location '../../../Media/CameraGame/material' of type 'FileSystem' to resource group 'General'
17:32:06: Added resource location '../../../Media/CameraGame/mode' of type 'FileSystem' to resource group 'General'
17:32:06: Added resource location '../../../Media/CameraGame/texture' of type 'FileSystem' to resource group 'General'
17:32:06: Creating resource group sdktrays
17:32:06: Added resource location '../../../Media/SdkTrays.zip' of type 'Zip' to resource group 'sdktrays'
17:32:06: Parsing scripts for resource group Autodetect
17:32:06: Finished parsing scripts for resource group Autodetect
17:32:06: Parsing scripts for resource group General
17:32:06: Parsing script CameraGame.material
17:32:06: Parsing script Material #30.material
17:32:06: Finished parsing scripts for resource group General
17:32:06: Parsing scripts for resource group Internal
17:32:06: Finished parsing scripts for resource group Internal
17:32:06: Parsing scripts for resource group sdktrays
17:32:06: Parsing script SdkTrays.material
17:32:06: Parsing script SdkTrays.fontdef
17:32:06: Parsing script SdkTrays.overlay
17:32:06: Bad element attribute line: '# you can offset the image to change the cursor "hotspot"' for element SdkTrays/Cursor in overlay 
17:32:06: Texture: sdk_cursor.png: Loading 1 faces(PF_A8R8G8B8,32x32x1) with  hardware generated mipmaps from Image. Internal format is PF_A8R8G8B8,32x32x1.
17:32:06: Texture: sdk_tray.png: Loading 1 faces(PF_A8R8G8B8,64x64x1) with  hardware generated mipmaps from Image. Internal format is PF_A8R8G8B8,64x64x1.
17:32:06: Texture: sdk_button_up.png: Loading 1 faces(PF_A8R8G8B8,128x32x1) with  hardware generated mipmaps from Image. Internal format is PF_A8R8G8B8,128x32x1.
17:32:06: Texture: sdk_text_box.png: Loading 1 faces(PF_A8R8G8B8,32x32x1) with  hardware generated mipmaps from Image. Internal format is PF_A8R8G8B8,32x32x1.
17:32:06: Texture: sdk_mini_tray.png: Loading 1 faces(PF_A8R8G8B8,32x32x1) with  hardware generated mipmaps from Image. Internal format is PF_A8R8G8B8,32x32x1.
17:32:06: Texture: sdk_track.png: Loading 1 faces(PF_A8R8G8B8,16x32x1) with  hardware generated mipmaps from Image. Internal format is PF_A8R8G8B8,16x32x1.
17:32:06: Texture: sdk_handle.png: Loading 1 faces(PF_A8R8G8B8,16x16x1) with  hardware generated mipmaps from Image. Internal format is PF_A8R8G8B8,16x16x1.
17:32:06: Texture: sdk_mini_text_box.png: Loading 1 faces(PF_A8R8G8B8,32x32x1) with  hardware generated mipmaps from Image. Internal format is PF_A8R8G8B8,32x32x1.
17:32:06: Texture: sdk_label.png: Loading 1 faces(PF_A8R8G8B8,32x32x1) with  hardware generated mipmaps from Image. Internal format is PF_A8R8G8B8,32x32x1.
17:32:06: Texture: sdk_separator.png: Loading 1 faces(PF_A8R8G8B8,64x16x1) with  hardware generated mipmaps from Image. Internal format is PF_A8R8G8B8,64x16x1.
17:32:06: Texture: sdk_logo.png: Loading 1 faces(PF_A8R8G8B8,128x64x1) with  hardware generated mipmaps from Image. Internal format is PF_A8R8G8B8,128x64x1.
17:32:06: D3D9 : ***** Dimensions altered by the render system
17:32:06: D3D9 : ***** Source image dimensions : 64x48
17:32:06: D3D9 : ***** Texture dimensions : 64x64
17:32:06: Texture: sdk_shade.png: Loading 1 faces(PF_A8R8G8B8,64x48x1) with 6 generated mipmaps from Image. Internal format is PF_A8R8G8B8,64x64x1.
17:32:06: Texture: sdk_frame.png: Loading 1 faces(PF_A8R8G8B8,32x32x1) with  hardware generated mipmaps from Image. Internal format is PF_A8R8G8B8,32x32x1.
17:32:06: Texture: sdk_mini_text_box_over.png: Loading 1 faces(PF_A8R8G8B8,32x32x1) with  hardware generated mipmaps from Image. Internal format is PF_A8R8G8B8,32x32x1.
17:32:06: Texture: sdk_pulse.png: Loading 1 faces(PF_R8G8B8,8x1x1) with  hardware generated mipmaps from Image. Internal format is PF_X8R8G8B8,8x1x1.
17:32:06: Finished parsing scripts for resource group sdktrays
17:32:06: Mesh: Loading CameraHead.mesh.
17:32:06: Skeleton: Loading 1.skeleton
17:32:06: WARNING: CameraHead.mesh is an older format ([MeshSerializer_v1.40]); you should upgrade it as soon as possible using the OgreMeshUpgrade tool.
17:32:06: OGRE EXCEPTION(6:FileNotFoundException): Cannot locate resource videoTexture_ofxiPhoneVideoGrabber in resource group General or any other group. in ResourceGroupManager::openResource at D:\sdk\ogre_src_v1-7-1\OgreMain\src\OgreResourceGroupManager.cpp (line 753)
17:32:06: Error loading texture videoTexture_ofxiPhoneVideoGrabber. Texture layer will be blank. Loading the texture failed with the following exception: OGRE EXCEPTION(6:FileNotFoundException): Cannot locate resource videoTexture_ofxiPhoneVideoGrabber in resource group General or any other group. in ResourceGroupManager::openResource at D:\sdk\ogre_src_v1-7-1\OgreMain\src\OgreResourceGroupManager.cpp (line 753)
17:32:06: Creating resource group CaptureFaceUI
17:32:06: Added resource location '../../../Media/CameraGame/UI/' of type 'FileSystem' to resource group 'CaptureFaceUI'
17:32:06: Texture: CaptureFace.png: Loading 1 faces(PF_A8R8G8B8,512x512x1) with  hardware generated mipmaps from Image. Internal format is PF_A8R8G8B8,512x512x1.
17:32:06: Font SdkTrays/Captionusing texture size 512x256
17:32:06: Info: Freetype returned null for character 160 in font SdkTrays/Caption
17:32:06: Texture: SdkTrays/CaptionTexture: Loading 1 faces(PF_BYTE_LA,512x256x1) with 0 generated mipmaps from Image. Internal format is PF_BYTE_LA,512x256x1.
17:32:06: Font SdkTrays/Valueusing texture size 512x512
17:32:06: Info: Freetype returned null for character 127 in font SdkTrays/Value
17:32:06: Info: Freetype returned null for character 128 in font SdkTrays/Value
17:32:06: Info: Freetype returned null for character 129 in font SdkTrays/Value
17:32:06: Info: Freetype returned null for character 130 in font SdkTrays/Value
17:32:06: Info: Freetype returned null for character 131 in font SdkTrays/Value
17:32:06: Info: Freetype returned null for character 132 in font SdkTrays/Value
17:32:06: Info: Freetype returned null for character 133 in font SdkTrays/Value
17:32:06: Info: Freetype returned null for character 134 in font SdkTrays/Value
17:32:06: Info: Freetype returned null for character 135 in font SdkTrays/Value
17:32:06: Info: Freetype returned null for character 136 in font SdkTrays/Value
17:32:06: Info: Freetype returned null for character 137 in font SdkTrays/Value
17:32:06: Info: Freetype returned null for character 138 in font SdkTrays/Value
17:32:06: Info: Freetype returned null for character 139 in font SdkTrays/Value
17:32:06: Info: Freetype returned null for character 140 in font SdkTrays/Value
17:32:06: Info: Freetype returned null for character 141 in font SdkTrays/Value
17:32:06: Info: Freetype returned null for character 142 in font SdkTrays/Value
17:32:06: Info: Freetype returned null for character 143 in font SdkTrays/Value
17:32:06: Info: Freetype returned null for character 144 in font SdkTrays/Value
17:32:06: Info: Freetype returned null for character 145 in font SdkTrays/Value
17:32:06: Info: Freetype returned null for character 146 in font SdkTrays/Value
17:32:06: Info: Freetype returned null for character 147 in font SdkTrays/Value
17:32:06: Info: Freetype returned null for character 148 in font SdkTrays/Value
17:32:06: Info: Freetype returned null for character 149 in font SdkTrays/Value
17:32:06: Info: Freetype returned null for character 150 in font SdkTrays/Value
17:32:06: Info: Freetype returned null for character 151 in font SdkTrays/Value
17:32:06: Info: Freetype returned null for character 152 in font SdkTrays/Value
17:32:06: Info: Freetype returned null for character 153 in font SdkTrays/Value
17:32:06: Info: Freetype returned null for character 154 in font SdkTrays/Value
17:32:06: Info: Freetype returned null for character 155 in font SdkTrays/Value
17:32:06: Info: Freetype returned null for character 156 in font SdkTrays/Value
17:32:06: Info: Freetype returned null for character 157 in font SdkTrays/Value
17:32:06: Info: Freetype returned null for character 158 in font SdkTrays/Value
17:32:06: Info: Freetype returned null for character 159 in font SdkTrays/Value
17:32:06: Info: Freetype returned null for character 160 in font SdkTrays/Value
17:32:06: Texture: SdkTrays/ValueTexture: Loading 1 faces(PF_BYTE_LA,512x512x1) with 0 generated mipmaps from Image. Internal format is PF_BYTE_LA,512x512x1.
